-------------------------------------------------------------------------------
Test set: guru.sfg.beer.order.service.BeerOrderServiceApplicationTests
-------------------------------------------------------------------------------
Tests run: 1, Failures: 0, Errors: 1, Skipped: 0, Time elapsed: 6.194 s <<< FAILURE! - in guru.sfg.beer.order.service.BeerOrderServiceApplicationTests
contextLoads  Time elapsed: 0.011 s  <<< ERROR!
java.lang.IllegalStateException: Failed to load ApplicationContext
Caused by: org.springframework.beans.factory.UnsatisfiedDependencyException: Error creating bean with name 'beerOrderServiceImpl' defined in file [/home/stefanini/Workspaces/java-workspace/mssc-brewery-ws/mssc-beer-order-service/target/classes/guru/sfg/beer/order/service/services/BeerOrderServiceImpl.class]: Unsatisfied dependency expressed through constructor parameter 0; nested exception is org.springframework.beans.factory.BeanCreationException: Error creating bean with name 'beerOrderRepository': Invocation of init method failed; nested exception is java.lang.IllegalArgumentException: Failed to create query for method public abstract java.util.List guru.sfg.beer.order.service.repositories.BeerOrderRepository.findAllByOrderStatus(guru.sfg.beer.order.service.domain.BeerOrderStatusEnum)! No property orderStatus found for type BeerOrder!
Caused by: org.springframework.beans.factory.BeanCreationException: Error creating bean with name 'beerOrderRepository': Invocation of init method failed; nested exception is java.lang.IllegalArgumentException: Failed to create query for method public abstract java.util.List guru.sfg.beer.order.service.repositories.BeerOrderRepository.findAllByOrderStatus(guru.sfg.beer.order.service.domain.BeerOrderStatusEnum)! No property orderStatus found for type BeerOrder!
Caused by: java.lang.IllegalArgumentException: Failed to create query for method public abstract java.util.List guru.sfg.beer.order.service.repositories.BeerOrderRepository.findAllByOrderStatus(guru.sfg.beer.order.service.domain.BeerOrderStatusEnum)! No property orderStatus found for type BeerOrder!
Caused by: org.springframework.data.mapping.PropertyReferenceException: No property orderStatus found for type BeerOrder!

